<?xml version="1.0" encoding="UTF-8"?>
<robot generator="Robot 5.0.1 (Python 3.10.4 on win32)" generated="20220727 12:19:48.801" rpa="false" schemaversion="3">
<suite id="s1" name="ShopAsGuestStep" source="e:\Belajar\Tutorial Python\Robot Framework\Latihan\opencart\TestCases\ShopAsGuestStep.robot">
<kw name="Start Chrome" library="Base" type="SETUP">
<kw name="Evaluate" library="BuiltIn">
<var>${chrome_options}</var>
<arg>sys.modules['selenium.webdriver'].ChromeOptions()</arg>
<arg>sys, selenium.webdriver</arg>
<doc>Evaluates the given expression in Python and returns the result.</doc>
<msg timestamp="20220727 12:19:49.183" level="INFO">${chrome_options} = &lt;selenium.webdriver.chrome.options.Options object at 0x00000132A8535300&gt;</msg>
<status status="PASS" starttime="20220727 12:19:49.182" endtime="20220727 12:19:49.183"/>
</kw>
<kw name="Call Method" library="BuiltIn">
<arg>${chrome_options}</arg>
<arg>add_argument</arg>
<arg>--no-sandbox</arg>
<doc>Calls the named method of the given object with the provided arguments.</doc>
<status status="PASS" starttime="20220727 12:19:49.183" endtime="20220727 12:19:49.183"/>
</kw>
<kw name="Create Webdriver" library="SeleniumLibrary">
<arg>Chrome</arg>
<arg>chrome_options=${chrome_options}</arg>
<doc>Creates an instance of Selenium WebDriver.</doc>
<msg timestamp="20220727 12:19:49.183" level="INFO">Creating an instance of the Chrome WebDriver.</msg>
<status status="PASS" starttime="20220727 12:19:49.183" endtime="20220727 12:19:50.976"/>
</kw>
<kw name="Go To" library="SeleniumLibrary">
<arg>${url}</arg>
<doc>Navigates the current browser window to the provided ``url``.</doc>
<msg timestamp="20220727 12:19:50.977" level="INFO">Opening url 'https://demo.nopcommerce.com'</msg>
<status status="PASS" starttime="20220727 12:19:50.977" endtime="20220727 12:19:53.396"/>
</kw>
<kw name="Maximize Browser Window" library="SeleniumLibrary">
<doc>Maximizes current browser window.</doc>
<status status="PASS" starttime="20220727 12:19:53.397" endtime="20220727 12:19:53.524"/>
</kw>
<status status="PASS" starttime="20220727 12:19:49.182" endtime="20220727 12:19:53.525"/>
</kw>
<test id="s1-t1" name="Select Product Computer Build" line="9">
<kw name="Add Product To Cart" library="ShopAsGuestKeywords">
<kw name="Click Element" library="SeleniumLibrary">
<arg>${sel_computer_build}</arg>
<doc>Click the element identified by ``locator``.</doc>
<msg timestamp="20220727 12:19:53.527" level="INFO">Clicking element '(//button[@class='button-2 product-box-add-to-cart-button'])[1]'.</msg>
<status status="PASS" starttime="20220727 12:19:53.527" endtime="20220727 12:19:53.635"/>
</kw>
<status status="PASS" starttime="20220727 12:19:53.525" endtime="20220727 12:19:53.636"/>
</kw>
<kw name="Sleep" library="BuiltIn">
<arg>5s</arg>
<doc>Pauses the test executed for the given time.</doc>
<msg timestamp="20220727 12:19:58.642" level="INFO">Slept 5 seconds</msg>
<status status="PASS" starttime="20220727 12:19:53.637" endtime="20220727 12:19:58.642"/>
</kw>
<status status="PASS" starttime="20220727 12:19:53.525" endtime="20220727 12:19:58.642"/>
</test>
<test id="s1-t2" name="Choose Specificataion" line="13">
<kw name="Choose RAM" library="ShopAsGuestKeywords">
<arg>5</arg>
<kw name="Select From List By Value" library="SeleniumLibrary">
<arg>${drp_ram}</arg>
<arg>${ram}</arg>
<doc>Selects options from selection list ``locator`` by ``values``.</doc>
<msg timestamp="20220727 12:19:58.657" level="INFO">Selecting options from selection list '//select[@id="product_attribute_2"]' by value 5.</msg>
<status status="PASS" starttime="20220727 12:19:58.657" endtime="20220727 12:19:58.970"/>
</kw>
<status status="PASS" starttime="20220727 12:19:58.657" endtime="20220727 12:19:58.971"/>
</kw>
<kw name="Choose HDD" library="ShopAsGuestKeywords">
<kw name="Click Element" library="SeleniumLibrary">
<arg>${rad_hdd}</arg>
<doc>Click the element identified by ``locator``.</doc>
<msg timestamp="20220727 12:19:58.974" level="INFO">Clicking element '//input[@value='7']'.</msg>
<status status="PASS" starttime="20220727 12:19:58.973" endtime="20220727 12:19:59.066"/>
</kw>
<status status="PASS" starttime="20220727 12:19:58.972" endtime="20220727 12:19:59.066"/>
</kw>
<kw name="Choose OS" library="ShopAsGuestKeywords">
<kw name="Click Element" library="SeleniumLibrary">
<arg>${rad_os}</arg>
<doc>Click the element identified by ``locator``.</doc>
<msg timestamp="20220727 12:19:59.069" level="INFO">Clicking element '//input[@value='9']'.</msg>
<status status="PASS" starttime="20220727 12:19:59.068" endtime="20220727 12:19:59.142"/>
</kw>
<status status="PASS" starttime="20220727 12:19:59.067" endtime="20220727 12:19:59.143"/>
</kw>
<kw name="Choose Software" library="ShopAsGuestKeywords">
<kw name="Click Element" library="SeleniumLibrary">
<arg>${chk_acrobat}</arg>
<doc>Click the element identified by ``locator``.</doc>
<msg timestamp="20220727 12:19:59.145" level="INFO">Clicking element '//input[@value='11']'.</msg>
<status status="PASS" starttime="20220727 12:19:59.145" endtime="20220727 12:19:59.241"/>
</kw>
<kw name="Click Element" library="SeleniumLibrary">
<arg>${chk_total_com}</arg>
<doc>Click the element identified by ``locator``.</doc>
<msg timestamp="20220727 12:19:59.243" level="INFO">Clicking element '//input[@value='12']'.</msg>
<status status="PASS" starttime="20220727 12:19:59.242" endtime="20220727 12:19:59.335"/>
</kw>
<status status="PASS" starttime="20220727 12:19:59.144" endtime="20220727 12:19:59.335"/>
</kw>
<kw name="Click Button Add Cart" library="ShopAsGuestKeywords">
<kw name="Click Element" library="SeleniumLibrary">
<arg>${but_add_cart}</arg>
<doc>Click the element identified by ``locator``.</doc>
<msg timestamp="20220727 12:19:59.337" level="INFO">Clicking element '//button[@class='button-1 add-to-cart-button']'.</msg>
<status status="PASS" starttime="20220727 12:19:59.337" endtime="20220727 12:19:59.415"/>
</kw>
<status status="PASS" starttime="20220727 12:19:59.335" endtime="20220727 12:19:59.416"/>
</kw>
<kw name="Sleep" library="BuiltIn">
<arg>3s</arg>
<doc>Pauses the test executed for the given time.</doc>
<msg timestamp="20220727 12:20:02.420" level="INFO">Slept 3 seconds</msg>
<status status="PASS" starttime="20220727 12:19:59.417" endtime="20220727 12:20:02.420"/>
</kw>
<kw name="Click Shoping Cart" library="ShopAsGuestKeywords">
<kw name="Click Element" library="SeleniumLibrary">
<arg>${link_shop_cart}</arg>
<doc>Click the element identified by ``locator``.</doc>
<msg timestamp="20220727 12:20:02.420" level="INFO">Clicking element '//a[.='shopping cart']'.</msg>
<status status="PASS" starttime="20220727 12:20:02.420" endtime="20220727 12:20:03.832"/>
</kw>
<status status="PASS" starttime="20220727 12:20:02.420" endtime="20220727 12:20:03.833"/>
</kw>
<kw name="Sleep" library="BuiltIn">
<arg>3s</arg>
<doc>Pauses the test executed for the given time.</doc>
<msg timestamp="20220727 12:20:06.836" level="INFO">Slept 3 seconds</msg>
<status status="PASS" starttime="20220727 12:20:03.833" endtime="20220727 12:20:06.836"/>
</kw>
<status status="PASS" starttime="20220727 12:19:58.649" endtime="20220727 12:20:06.836"/>
</test>
<test id="s1-t3" name="Checkout Product" line="23">
<kw name="Choose Gift" library="ShopAsGuestKeywords">
<kw name="Click Element" library="SeleniumLibrary">
<arg>${drp_gift}</arg>
<doc>Click the element identified by ``locator``.</doc>
<msg timestamp="20220727 12:20:06.839" level="INFO">Clicking element '//select[@id="checkout_attribute_1"]'.</msg>
<status status="PASS" starttime="20220727 12:20:06.839" endtime="20220727 12:20:07.060"/>
</kw>
<status status="PASS" starttime="20220727 12:20:06.839" endtime="20220727 12:20:07.067"/>
</kw>
<kw name="Click Agree" library="ShopAsGuestKeywords">
<kw name="Click Element" library="SeleniumLibrary">
<arg>${chk_agree}</arg>
<doc>Click the element identified by ``locator``.</doc>
<msg timestamp="20220727 12:20:07.071" level="INFO">Clicking element '//input[@id='termsofservice']'.</msg>
<status status="PASS" starttime="20220727 12:20:07.070" endtime="20220727 12:20:07.171"/>
</kw>
<status status="PASS" starttime="20220727 12:20:07.068" endtime="20220727 12:20:07.171"/>
</kw>
<kw name="Click Button Checkout" library="ShopAsGuestKeywords">
<kw name="Click Element" library="SeleniumLibrary">
<arg>${but_checkout}</arg>
<doc>Click the element identified by ``locator``.</doc>
<msg timestamp="20220727 12:20:07.173" level="INFO">Clicking element '//button[@id='checkout']'.</msg>
<status status="PASS" starttime="20220727 12:20:07.172" endtime="20220727 12:20:08.911"/>
</kw>
<status status="PASS" starttime="20220727 12:20:07.172" endtime="20220727 12:20:08.911"/>
</kw>
<kw name="Sleep" library="BuiltIn">
<arg>3s</arg>
<doc>Pauses the test executed for the given time.</doc>
<msg timestamp="20220727 12:20:11.922" level="INFO">Slept 3 seconds</msg>
<status status="PASS" starttime="20220727 12:20:08.912" endtime="20220727 12:20:11.923"/>
</kw>
<kw name="Click Button Checkout As Guest" library="ShopAsGuestKeywords">
<kw name="Click Element" library="SeleniumLibrary">
<arg>${btn_checkoutguest}</arg>
<doc>Click the element identified by ``locator``.</doc>
<msg timestamp="20220727 12:20:11.930" level="INFO">Clicking element '//button[@class='button-1 checkout-as-guest-button']'.</msg>
<status status="PASS" starttime="20220727 12:20:11.930" endtime="20220727 12:20:24.058"/>
</kw>
<status status="PASS" starttime="20220727 12:20:11.928" endtime="20220727 12:20:24.058"/>
</kw>
<kw name="Sleep" library="BuiltIn">
<arg>3s</arg>
<doc>Pauses the test executed for the given time.</doc>
<msg timestamp="20220727 12:20:27.060" level="INFO">Slept 3 seconds</msg>
<status status="PASS" starttime="20220727 12:20:24.059" endtime="20220727 12:20:27.060"/>
</kw>
<status status="PASS" starttime="20220727 12:20:06.839" endtime="20220727 12:20:27.060"/>
</test>
<test id="s1-t4" name="Billing Address" line="31">
<kw name="Input Guest First Name" library="ShopAsGuestKeywords">
<arg>Cecep</arg>
<kw name="Input Text" library="SeleniumLibrary">
<arg>${guest_firstname}</arg>
<arg>${firstname}</arg>
<doc>Types the given ``text`` into the text field identified by ``locator``.</doc>
<msg timestamp="20220727 12:20:27.078" level="INFO">Typing text 'Cecep' into text field '//input[@id='BillingNewAddress_FirstName']'.</msg>
<status status="PASS" starttime="20220727 12:20:27.075" endtime="20220727 12:20:27.332"/>
</kw>
<status status="PASS" starttime="20220727 12:20:27.075" endtime="20220727 12:20:27.333"/>
</kw>
<kw name="Input Guest Last Name" library="ShopAsGuestKeywords">
<arg>Solehudin</arg>
<kw name="Input Text" library="SeleniumLibrary">
<arg>${guest_lastname}</arg>
<arg>${lastname}</arg>
<doc>Types the given ``text`` into the text field identified by ``locator``.</doc>
<msg timestamp="20220727 12:20:27.335" level="INFO">Typing text 'Solehudin' into text field '//input[@id='BillingNewAddress_LastName']'.</msg>
<status status="PASS" starttime="20220727 12:20:27.335" endtime="20220727 12:20:27.489"/>
</kw>
<status status="PASS" starttime="20220727 12:20:27.334" endtime="20220727 12:20:27.490"/>
</kw>
<kw name="Input Guest Email" library="ShopAsGuestKeywords">
<arg>tes456@gmail.com</arg>
<kw name="Input Text" library="SeleniumLibrary">
<arg>${guest_email}</arg>
<arg>${email}</arg>
<doc>Types the given ``text`` into the text field identified by ``locator``.</doc>
<msg timestamp="20220727 12:20:27.492" level="INFO">Typing text 'tes456@gmail.com' into text field '//input[@id='BillingNewAddress_Email']'.</msg>
<status status="PASS" starttime="20220727 12:20:27.491" endtime="20220727 12:20:27.672"/>
</kw>
<status status="PASS" starttime="20220727 12:20:27.490" endtime="20220727 12:20:27.672"/>
</kw>
<kw name="Input Guest Company" library="ShopAsGuestKeywords">
<arg>PT. Karya Pembangunan</arg>
<kw name="Input Text" library="SeleniumLibrary">
<arg>${guest_company}</arg>
<arg>${company}</arg>
<doc>Types the given ``text`` into the text field identified by ``locator``.</doc>
<msg timestamp="20220727 12:20:27.672" level="INFO">Typing text 'PT. Karya Pembangunan' into text field '//input[@id='BillingNewAddress_Company']'.</msg>
<status status="PASS" starttime="20220727 12:20:27.672" endtime="20220727 12:20:27.872"/>
</kw>
<status status="PASS" starttime="20220727 12:20:27.672" endtime="20220727 12:20:27.872"/>
</kw>
<kw name="Input Guest Country" library="ShopAsGuestKeywords">
<arg>1</arg>
<kw name="Select From List By Value" library="SeleniumLibrary">
<arg>${guest_country}</arg>
<arg>${country}</arg>
<doc>Selects options from selection list ``locator`` by ``values``.</doc>
<msg timestamp="20220727 12:20:27.872" level="INFO">Selecting options from selection list '//select[@id='BillingNewAddress_CountryId']' by value 1.</msg>
<status status="PASS" starttime="20220727 12:20:27.872" endtime="20220727 12:20:27.981"/>
</kw>
<status status="PASS" starttime="20220727 12:20:27.872" endtime="20220727 12:20:27.981"/>
</kw>
<kw name="Sleep" library="BuiltIn">
<arg>5s</arg>
<doc>Pauses the test executed for the given time.</doc>
<msg timestamp="20220727 12:20:32.988" level="INFO">Slept 5 seconds</msg>
<status status="PASS" starttime="20220727 12:20:27.982" endtime="20220727 12:20:32.988"/>
</kw>
<kw name="Input Guest State" library="ShopAsGuestKeywords">
<arg>41</arg>
<kw name="Select From List By Value" library="SeleniumLibrary">
<arg>${guest_state}</arg>
<arg>${state}</arg>
<doc>Selects options from selection list ``locator`` by ``values``.</doc>
<msg timestamp="20220727 12:20:32.994" level="INFO">Selecting options from selection list '//select[@id='BillingNewAddress_StateProvinceId']' by value 41.</msg>
<status status="PASS" starttime="20220727 12:20:32.994" endtime="20220727 12:20:33.235"/>
</kw>
<status status="PASS" starttime="20220727 12:20:32.988" endtime="20220727 12:20:33.235"/>
</kw>
<kw name="Input Guest City" library="ShopAsGuestKeywords">
<arg>Tallahassee</arg>
<kw name="Input Text" library="SeleniumLibrary">
<arg>${guest_city}</arg>
<arg>${city}</arg>
<doc>Types the given ``text`` into the text field identified by ``locator``.</doc>
<msg timestamp="20220727 12:20:33.240" level="INFO">Typing text 'Tallahassee' into text field '//input[@id='BillingNewAddress_City']'.</msg>
<status status="PASS" starttime="20220727 12:20:33.238" endtime="20220727 12:20:33.416"/>
</kw>
<status status="PASS" starttime="20220727 12:20:33.235" endtime="20220727 12:20:33.416"/>
</kw>
<kw name="Input Guest Address 1" library="ShopAsGuestKeywords">
<arg>Havana</arg>
<kw name="Input Text" library="SeleniumLibrary">
<arg>${guest_address1}</arg>
<arg>${address1}</arg>
<doc>Types the given ``text`` into the text field identified by ``locator``.</doc>
<msg timestamp="20220727 12:20:33.416" level="INFO">Typing text 'Havana' into text field '//div[8]/input[1]'.</msg>
<status status="PASS" starttime="20220727 12:20:33.416" endtime="20220727 12:20:33.552"/>
</kw>
<status status="PASS" starttime="20220727 12:20:33.416" endtime="20220727 12:20:33.552"/>
</kw>
<kw name="Input Guest Address 2" library="ShopAsGuestKeywords">
<arg>Midway</arg>
<kw name="Input Text" library="SeleniumLibrary">
<arg>${guest_address2}</arg>
<arg>${address2}</arg>
<doc>Types the given ``text`` into the text field identified by ``locator``.</doc>
<msg timestamp="20220727 12:20:33.554" level="INFO">Typing text 'Midway' into text field '//div[9]/input[1]'.</msg>
<status status="PASS" starttime="20220727 12:20:33.554" endtime="20220727 12:20:33.703"/>
</kw>
<status status="PASS" starttime="20220727 12:20:33.553" endtime="20220727 12:20:33.704"/>
</kw>
<kw name="Input Guest Postal Code" library="ShopAsGuestKeywords">
<arg>32333</arg>
<kw name="Input Text" library="SeleniumLibrary">
<arg>${guest_postal}</arg>
<arg>${postal}</arg>
<doc>Types the given ``text`` into the text field identified by ``locator``.</doc>
<msg timestamp="20220727 12:20:33.704" level="INFO">Typing text '32333' into text field '//input[@id='BillingNewAddress_ZipPostalCode']'.</msg>
<status status="PASS" starttime="20220727 12:20:33.704" endtime="20220727 12:20:33.847"/>
</kw>
<status status="PASS" starttime="20220727 12:20:33.704" endtime="20220727 12:20:33.848"/>
</kw>
<kw name="Input Guest Phone Number" library="ShopAsGuestKeywords">
<arg>0821234567890</arg>
<kw name="Input Text" library="SeleniumLibrary">
<arg>${guest_phone}</arg>
<arg>${phone}</arg>
<doc>Types the given ``text`` into the text field identified by ``locator``.</doc>
<msg timestamp="20220727 12:20:33.850" level="INFO">Typing text '0821234567890' into text field '//input[@id='BillingNewAddress_PhoneNumber']'.</msg>
<status status="PASS" starttime="20220727 12:20:33.850" endtime="20220727 12:20:34.021"/>
</kw>
<status status="PASS" starttime="20220727 12:20:33.849" endtime="20220727 12:20:34.022"/>
</kw>
<kw name="Input Guest Fax Number" library="ShopAsGuestKeywords">
<arg>022222222</arg>
<kw name="Input Text" library="SeleniumLibrary">
<arg>${guest_faxnumber}</arg>
<arg>${fax}</arg>
<doc>Types the given ``text`` into the text field identified by ``locator``.</doc>
<msg timestamp="20220727 12:20:34.022" level="INFO">Typing text '022222222' into text field '//input[@id='BillingNewAddress_FaxNumber']'.</msg>
<status status="PASS" starttime="20220727 12:20:34.022" endtime="20220727 12:20:34.178"/>
</kw>
<status status="PASS" starttime="20220727 12:20:34.022" endtime="20220727 12:20:34.178"/>
</kw>
<kw name="Click Continue Button" library="ShopAsGuestKeywords">
<kw name="Click Element" library="SeleniumLibrary">
<arg>${btn_continue}</arg>
<doc>Click the element identified by ``locator``.</doc>
<msg timestamp="20220727 12:20:34.178" level="INFO">Clicking element '//button[4]'.</msg>
<status status="PASS" starttime="20220727 12:20:34.178" endtime="20220727 12:20:34.252"/>
</kw>
<status status="PASS" starttime="20220727 12:20:34.178" endtime="20220727 12:20:34.252"/>
</kw>
<kw name="Sleep" library="BuiltIn">
<arg>5s</arg>
<doc>Pauses the test executed for the given time.</doc>
<msg timestamp="20220727 12:20:39.258" level="INFO">Slept 5 seconds</msg>
<status status="PASS" starttime="20220727 12:20:34.253" endtime="20220727 12:20:39.259"/>
</kw>
<status status="PASS" starttime="20220727 12:20:27.066" endtime="20220727 12:20:39.260"/>
</test>
<test id="s1-t5" name="Shipping Method" line="48">
<kw name="Verify" library="ShopAsGuestKeywords">
<kw name="Page Should Contain" library="SeleniumLibrary">
<arg>Checkout</arg>
<doc>Verifies that current page contains ``text``.</doc>
<msg timestamp="20220727 12:20:39.342" level="INFO">Current page contains text 'Checkout'.</msg>
<status status="PASS" starttime="20220727 12:20:39.276" endtime="20220727 12:20:39.342"/>
</kw>
<status status="PASS" starttime="20220727 12:20:39.268" endtime="20220727 12:20:39.342"/>
</kw>
<kw name="Click Next Day Air" library="ShopAsGuestKeywords">
<kw name="Page Should Contain Radio Button" library="SeleniumLibrary">
<arg>${btn_nextday}</arg>
<doc>Verifies radio button ``locator`` is found from current page.</doc>
<msg timestamp="20220727 12:20:39.434" level="INFO">Current page contains radio button '//input[@value='Next Day Air___Shipping.FixedByWeightByTotal']'.</msg>
<status status="PASS" starttime="20220727 12:20:39.342" endtime="20220727 12:20:39.434"/>
</kw>
<kw name="Select Radio Button" library="SeleniumLibrary">
<arg>shippingoption</arg>
<arg>Next Day Air___Shipping.FixedByWeightByTotal</arg>
<doc>Sets the radio button group ``group_name`` to ``value``.</doc>
<msg timestamp="20220727 12:20:39.434" level="INFO">Selecting 'Next Day Air___Shipping.FixedByWeightByTotal' from radio button 'shippingoption'.</msg>
<status status="PASS" starttime="20220727 12:20:39.434" endtime="20220727 12:20:39.607"/>
</kw>
<status status="PASS" starttime="20220727 12:20:39.342" endtime="20220727 12:20:39.608"/>
</kw>
<kw name="Click Continue Button 2" library="ShopAsGuestKeywords">
<kw name="Click Element" library="SeleniumLibrary">
<arg>${btn_continue2}</arg>
<doc>Click the element identified by ``locator``.</doc>
<msg timestamp="20220727 12:20:39.612" level="INFO">Clicking element '//button[@class='button-1 shipping-method-next-step-button']'.</msg>
<status status="PASS" starttime="20220727 12:20:39.611" endtime="20220727 12:20:39.760"/>
</kw>
<status status="PASS" starttime="20220727 12:20:39.609" endtime="20220727 12:20:39.760"/>
</kw>
<kw name="Sleep" library="BuiltIn">
<arg>5s</arg>
<doc>Pauses the test executed for the given time.</doc>
<msg timestamp="20220727 12:20:44.764" level="INFO">Slept 5 seconds</msg>
<status status="PASS" starttime="20220727 12:20:39.761" endtime="20220727 12:20:44.765"/>
</kw>
<status status="PASS" starttime="20220727 12:20:39.268" endtime="20220727 12:20:44.770"/>
</test>
<test id="s1-t6" name="Payment Method" line="54">
<kw name="Verify" library="ShopAsGuestKeywords">
<kw name="Page Should Contain" library="SeleniumLibrary">
<arg>Checkout</arg>
<doc>Verifies that current page contains ``text``.</doc>
<msg timestamp="20220727 12:20:44.848" level="INFO">Current page contains text 'Checkout'.</msg>
<status status="PASS" starttime="20220727 12:20:44.786" endtime="20220727 12:20:44.848"/>
</kw>
<status status="PASS" starttime="20220727 12:20:44.784" endtime="20220727 12:20:44.853"/>
</kw>
<kw name="Click Credit Card" library="ShopAsGuestKeywords">
<kw name="Page Should Contain Radio Button" library="SeleniumLibrary">
<arg>${btn_credit}</arg>
<doc>Verifies radio button ``locator`` is found from current page.</doc>
<msg timestamp="20220727 12:20:45.011" level="INFO">Current page contains radio button '//input[@value='Payments.Manual']'.</msg>
<status status="PASS" starttime="20220727 12:20:44.853" endtime="20220727 12:20:45.011"/>
</kw>
<kw name="Select Radio Button" library="SeleniumLibrary">
<arg>paymentmethod</arg>
<arg>Payments.Manual</arg>
<doc>Sets the radio button group ``group_name`` to ``value``.</doc>
<msg timestamp="20220727 12:20:45.011" level="INFO">Selecting 'Payments.Manual' from radio button 'paymentmethod'.</msg>
<status status="PASS" starttime="20220727 12:20:45.011" endtime="20220727 12:20:45.137"/>
</kw>
<status status="PASS" starttime="20220727 12:20:44.853" endtime="20220727 12:20:45.137"/>
</kw>
<kw name="Click Continue Button 3" library="ShopAsGuestKeywords">
<kw name="Click Element" library="SeleniumLibrary">
<arg>${btn_continue3}</arg>
<doc>Click the element identified by ``locator``.</doc>
<msg timestamp="20220727 12:20:45.140" level="INFO">Clicking element '//button[@class='button-1 payment-method-next-step-button']'.</msg>
<status status="PASS" starttime="20220727 12:20:45.140" endtime="20220727 12:20:45.210"/>
</kw>
<status status="PASS" starttime="20220727 12:20:45.139" endtime="20220727 12:20:45.211"/>
</kw>
<kw name="Sleep" library="BuiltIn">
<arg>7s</arg>
<doc>Pauses the test executed for the given time.</doc>
<msg timestamp="20220727 12:20:52.226" level="INFO">Slept 7 seconds</msg>
<status status="PASS" starttime="20220727 12:20:45.212" endtime="20220727 12:20:52.226"/>
</kw>
<status status="PASS" starttime="20220727 12:20:44.778" endtime="20220727 12:20:52.228"/>
</test>
<test id="s1-t7" name="Payment Information" line="60">
<kw name="Verify" library="ShopAsGuestKeywords">
<kw name="Page Should Contain" library="SeleniumLibrary">
<arg>Checkout</arg>
<doc>Verifies that current page contains ``text``.</doc>
<msg timestamp="20220727 12:20:52.298" level="INFO">Current page contains text 'Checkout'.</msg>
<status status="PASS" starttime="20220727 12:20:52.240" endtime="20220727 12:20:52.298"/>
</kw>
<status status="PASS" starttime="20220727 12:20:52.240" endtime="20220727 12:20:52.298"/>
</kw>
<kw name="Select Credit Card" library="ShopAsGuestKeywords">
<arg>MasterCard</arg>
<kw name="Page Should Contain List" library="SeleniumLibrary">
<arg>${sel_credit}</arg>
<doc>Verifies selection list ``locator`` is found from current page.</doc>
<msg timestamp="20220727 12:20:52.389" level="INFO">Current page contains list '//select[@id='CreditCardType']'.</msg>
<status status="PASS" starttime="20220727 12:20:52.307" endtime="20220727 12:20:52.389"/>
</kw>
<kw name="Select From List By Value" library="SeleniumLibrary">
<arg>${sel_credit}</arg>
<arg>${credit}</arg>
<doc>Selects options from selection list ``locator`` by ``values``.</doc>
<msg timestamp="20220727 12:20:52.389" level="INFO">Selecting options from selection list '//select[@id='CreditCardType']' by value MasterCard.</msg>
<status status="PASS" starttime="20220727 12:20:52.389" endtime="20220727 12:20:52.609"/>
</kw>
<status status="PASS" starttime="20220727 12:20:52.298" endtime="20220727 12:20:52.610"/>
</kw>
<kw name="Input Cardholder" library="ShopAsGuestKeywords">
<arg>Cecep Solehudin</arg>
<kw name="Input Text" library="SeleniumLibrary">
<arg>${txt_cardholder}</arg>
<arg>${cardholder}</arg>
<doc>Types the given ``text`` into the text field identified by ``locator``.</doc>
<msg timestamp="20220727 12:20:52.613" level="INFO">Typing text 'Cecep Solehudin' into text field '//input[@id='CardholderName']'.</msg>
<status status="PASS" starttime="20220727 12:20:52.613" endtime="20220727 12:20:52.830"/>
</kw>
<status status="PASS" starttime="20220727 12:20:52.612" endtime="20220727 12:20:52.830"/>
</kw>
<kw name="Input Card Number" library="ShopAsGuestKeywords">
<arg>5425233430109903</arg>
<kw name="Input Text" library="SeleniumLibrary">
<arg>${txt_cardnumber}</arg>
<arg>${cardnumber}</arg>
<doc>Types the given ``text`` into the text field identified by ``locator``.</doc>
<msg timestamp="20220727 12:20:52.830" level="INFO">Typing text '5425233430109903' into text field '//input[@id='CardNumber']'.</msg>
<status status="PASS" starttime="20220727 12:20:52.830" endtime="20220727 12:20:52.982"/>
</kw>
<status status="PASS" starttime="20220727 12:20:52.830" endtime="20220727 12:20:52.982"/>
</kw>
<kw name="Select Expire Month" library="ShopAsGuestKeywords">
<arg>4</arg>
<kw name="Select From List By Value" library="SeleniumLibrary">
<arg>${sel_expiremonth}</arg>
<arg>${expiremonth}</arg>
<doc>Selects options from selection list ``locator`` by ``values``.</doc>
<msg timestamp="20220727 12:20:52.982" level="INFO">Selecting options from selection list '//select[@id='ExpireMonth']' by value 4.</msg>
<status status="PASS" starttime="20220727 12:20:52.982" endtime="20220727 12:20:53.084"/>
</kw>
<status status="PASS" starttime="20220727 12:20:52.982" endtime="20220727 12:20:53.084"/>
</kw>
<kw name="Select Expire Year" library="ShopAsGuestKeywords">
<arg>2023</arg>
<kw name="Select From List By Value" library="SeleniumLibrary">
<arg>${sel_expireyear}</arg>
<arg>${expireyear}</arg>
<doc>Selects options from selection list ``locator`` by ``values``.</doc>
<msg timestamp="20220727 12:20:53.086" level="INFO">Selecting options from selection list '//select[@id='ExpireYear']' by value 2023.</msg>
<status status="PASS" starttime="20220727 12:20:53.086" endtime="20220727 12:20:53.179"/>
</kw>
<status status="PASS" starttime="20220727 12:20:53.085" endtime="20220727 12:20:53.180"/>
</kw>
<kw name="Input Card Code" library="ShopAsGuestKeywords">
<arg>111</arg>
<kw name="Input Text" library="SeleniumLibrary">
<arg>${txt_cardcode}</arg>
<arg>${cardcode}</arg>
<doc>Types the given ``text`` into the text field identified by ``locator``.</doc>
<msg timestamp="20220727 12:20:53.181" level="INFO">Typing text '111' into text field '//input[@id='CardCode']'.</msg>
<status status="PASS" starttime="20220727 12:20:53.181" endtime="20220727 12:20:53.304"/>
</kw>
<status status="PASS" starttime="20220727 12:20:53.180" endtime="20220727 12:20:53.304"/>
</kw>
<kw name="Click Continue Button 4" library="ShopAsGuestKeywords">
<kw name="Click Element" library="SeleniumLibrary">
<arg>${btn_continue4}</arg>
<doc>Click the element identified by ``locator``.</doc>
<msg timestamp="20220727 12:20:53.306" level="INFO">Clicking element '//button[@class='button-1 payment-info-next-step-button']'.</msg>
<status status="PASS" starttime="20220727 12:20:53.306" endtime="20220727 12:20:53.369"/>
</kw>
<status status="PASS" starttime="20220727 12:20:53.305" endtime="20220727 12:20:53.369"/>
</kw>
<kw name="Sleep" library="BuiltIn">
<arg>3s</arg>
<doc>Pauses the test executed for the given time.</doc>
<msg timestamp="20220727 12:20:56.373" level="INFO">Slept 3 seconds</msg>
<status status="PASS" starttime="20220727 12:20:53.370" endtime="20220727 12:20:56.374"/>
</kw>
<kw name="Click Continue Button 5" library="ShopAsGuestKeywords">
<kw name="Click Element" library="SeleniumLibrary">
<arg>${btn_continue5}</arg>
<doc>Click the element identified by ``locator``.</doc>
<msg timestamp="20220727 12:20:56.388" level="INFO">Clicking element '//button[@class='button-1 confirm-order-next-step-button']'.</msg>
<status status="PASS" starttime="20220727 12:20:56.384" endtime="20220727 12:20:56.566"/>
</kw>
<status status="PASS" starttime="20220727 12:20:56.380" endtime="20220727 12:20:56.566"/>
</kw>
<kw name="Sleep" library="BuiltIn">
<arg>3s</arg>
<doc>Pauses the test executed for the given time.</doc>
<msg timestamp="20220727 12:20:59.576" level="INFO">Slept 3 seconds</msg>
<status status="PASS" starttime="20220727 12:20:56.568" endtime="20220727 12:20:59.577"/>
</kw>
<kw name="Click Continue Button 6" library="ShopAsGuestKeywords">
<kw name="Click Element" library="SeleniumLibrary">
<arg>${btn_continue6}</arg>
<doc>Click the element identified by ``locator``.</doc>
<msg timestamp="20220727 12:20:59.577" level="INFO">Clicking element '//button[@class='button-1 order-completed-continue-button']'.</msg>
<status status="PASS" starttime="20220727 12:20:59.577" endtime="20220727 12:21:04.701"/>
</kw>
<status status="PASS" starttime="20220727 12:20:59.577" endtime="20220727 12:21:04.701"/>
</kw>
<kw name="Sleep" library="BuiltIn">
<arg>3s</arg>
<doc>Pauses the test executed for the given time.</doc>
<msg timestamp="20220727 12:21:07.704" level="INFO">Slept 3 seconds</msg>
<status status="PASS" starttime="20220727 12:21:04.703" endtime="20220727 12:21:07.704"/>
</kw>
<status status="PASS" starttime="20220727 12:20:52.232" endtime="20220727 12:21:07.705"/>
</test>
<kw name="Close My Browser" library="Base" type="TEARDOWN">
<kw name="Close All Browsers" library="SeleniumLibrary">
<doc>Closes all open browsers and resets the browser cache.</doc>
<status status="PASS" starttime="20220727 12:21:07.714" endtime="20220727 12:21:10.279"/>
</kw>
<status status="PASS" starttime="20220727 12:21:07.714" endtime="20220727 12:21:10.279"/>
</kw>
<status status="PASS" starttime="20220727 12:19:48.804" endtime="20220727 12:21:10.279"/>
</suite>
<statistics>
<total>
<stat pass="7" fail="0" skip="0">All Tests</stat>
</total>
<tag>
</tag>
<suite>
<stat pass="7" fail="0" skip="0" id="s1" name="ShopAsGuestStep">ShopAsGuestStep</stat>
</suite>
</statistics>
<errors>
</errors>
</robot>
